0 verbose cli /usr/bin/node /usr/bin/npm
1 info using npm@9.2.0
2 info using node@v18.19.0
3 timing npm:load:whichnode Completed in 1ms
4 timing config:load:defaults Completed in 12ms
5 timing config:load:file:/usr/share/nodejs/npm/npmrc Completed in 8ms
6 timing config:load:builtin Completed in 8ms
7 timing config:load:cli Completed in 4ms
8 timing config:load:env Completed in 2ms
9 timing config:load:project Completed in 24ms
10 timing config:load:file:/var/www/.npmrc Completed in 3ms
11 timing config:load:user Completed in 4ms
12 timing config:load:file:/etc/npmrc Completed in 1ms
13 timing config:load:global Completed in 1ms
14 timing config:load:setEnvs Completed in 2ms
15 timing config:load Completed in 61ms
16 timing npm:load:configload Completed in 62ms
17 timing npm:load:mkdirpcache Completed in 8ms
18 timing npm:load:mkdirplogs Completed in 7ms
19 verbose title npm install
20 verbose argv "install"
21 timing npm:load:setTitle Completed in 3ms
22 timing config:load:flatten Completed in 14ms
23 timing npm:load:display Completed in 17ms
24 verbose logfile logs-max:10 dir:/var/www/.npm/_logs/2024-12-07T19_21_10_035Z-
25 verbose logfile /var/www/.npm/_logs/2024-12-07T19_21_10_035Z-debug-0.log
26 timing npm:load:logFile Completed in 87ms
27 timing npm:load:timers Completed in 0ms
28 timing npm:load:configScope Completed in 0ms
29 timing npm:load Completed in 191ms
30 timing config:load:flatten Completed in 1ms
31 timing arborist:ctor Completed in 2ms
32 silly logfile done cleaning log files
33 timing arborist:ctor Completed in 1ms
34 timing idealTree:init Completed in 104ms
35 timing idealTree:userRequests Completed in 1ms
36 silly idealTree buildDeps
37 silly fetch manifest @inertiajs/vue3@^1.0.0
38 http fetch GET 200 https://registry.npmjs.org/@inertiajs%2fvue3 2675ms (cache miss)
39 silly fetch manifest vue@^3.4.0
40 http fetch GET 200 https://registry.npmjs.org/vue 1440ms (cache miss)
41 silly fetch manifest typescript@*
42 http fetch GET 200 https://registry.npmjs.org/typescript 3138ms (cache miss)
43 silly fetch manifest @tailwindcss/forms@^0.5.3
44 http fetch GET 200 https://registry.npmjs.org/@tailwindcss%2fforms 1593ms (cache miss)
45 silly fetch manifest tailwindcss@^3.2.1
46 http fetch GET 200 https://registry.npmjs.org/tailwindcss 2700ms (cache miss)
47 silly fetch manifest @vitejs/plugin-vue@^5.0.0
48 http fetch GET 200 https://registry.npmjs.org/@vitejs%2fplugin-vue 594ms (cache miss)
49 silly fetch manifest vite@^5.0
50 http fetch GET 200 https://registry.npmjs.org/vite 1543ms (cache miss)
51 silly fetch manifest @types/node@^18.0.0 || >=20.0.0
52 http fetch GET 200 https://registry.npmjs.org/@types%2fnode 3047ms (cache miss)
53 silly fetch manifest less@*
54 http fetch GET 200 https://registry.npmjs.org/less 250ms (cache miss)
55 silly fetch manifest lightningcss@^1.21.0
56 http fetch GET 200 https://registry.npmjs.org/lightningcss 197ms (cache miss)
57 silly fetch manifest sass@*
58 http fetch GET 200 https://registry.npmjs.org/sass 1097ms (cache miss)
59 silly fetch manifest sass-embedded@*
60 http fetch GET 200 https://registry.npmjs.org/sass-embedded 461ms (cache miss)
61 silly fetch manifest stylus@*
62 http fetch GET 200 https://registry.npmjs.org/stylus 1574ms (cache miss)
63 silly fetch manifest sugarss@*
64 http fetch GET 200 https://registry.npmjs.org/sugarss 907ms (cache miss)
65 silly fetch manifest postcss@^8.4.31
66 http fetch GET 200 https://registry.npmjs.org/postcss 370ms (cache miss)
67 silly fetch manifest terser@^5.4.0
68 http fetch GET 200 https://registry.npmjs.org/terser 815ms (cache miss)
69 silly fetch manifest autoprefixer@^10.4.12
70 http fetch GET 200 https://registry.npmjs.org/autoprefixer 654ms (cache miss)
71 silly fetch manifest axios@^1.7.4
72 http fetch GET 200 https://registry.npmjs.org/axios 374ms (cache miss)
73 silly fetch manifest concurrently@^9.0.1
74 http fetch GET 200 https://registry.npmjs.org/concurrently 1251ms (cache miss)
75 silly fetch manifest laravel-vite-plugin@^1.0
76 http fetch GET 200 https://registry.npmjs.org/laravel-vite-plugin 1155ms (cache miss)
77 silly placeDep ROOT @inertiajs/vue3@1.2.0 OK for:  want: ^1.0.0
78 silly placeDep ROOT vue@3.5.13 OK for: @inertiajs/vue3@1.2.0 want: ^3.0.0
79 silly placeDep ROOT @tailwindcss/forms@0.5.9 OK for:  want: ^0.5.3
80 silly placeDep ROOT tailwindcss@3.4.16 OK for: @tailwindcss/forms@0.5.9 want: >=3.0.0 || >= 3.0.0-alpha.1 || >= 4.0.0-alpha.20
81 silly placeDep ROOT @vitejs/plugin-vue@5.2.1 OK for:  want: ^5.0.0
82 silly placeDep ROOT vite@5.4.11 OK for: @vitejs/plugin-vue@5.2.1 want: ^5.0.0 || ^6.0.0
83 silly placeDep ROOT autoprefixer@10.4.20 OK for:  want: ^10.4.12
84 silly placeDep ROOT postcss@8.4.49 OK for: autoprefixer@10.4.20 want: ^8.1.0
85 silly placeDep ROOT axios@1.7.9 OK for:  want: ^1.7.4
86 silly placeDep ROOT concurrently@9.1.0 OK for:  want: ^9.0.1
87 silly placeDep ROOT laravel-vite-plugin@1.1.1 OK for:  want: ^1.0
88 silly fetch manifest lodash.isequal@^4.5.0
89 silly fetch manifest @inertiajs/core@1.2.0
90 silly fetch manifest lodash.clonedeep@^4.5.0
91 silly fetch manifest @vue/shared@3.5.13
92 silly fetch manifest @vue/runtime-dom@3.5.13
93 silly fetch manifest @vue/compiler-dom@3.5.13
94 silly fetch manifest @vue/compiler-sfc@3.5.13
95 silly fetch manifest @vue/server-renderer@3.5.13
96 silly fetch manifest mini-svg-data-uri@^1.2.3
97 silly fetch manifest arg@^5.0.2
98 silly fetch manifest dlv@^1.1.3
99 silly fetch manifest jiti@^1.21.6
100 silly fetch manifest is-glob@^4.0.3
101 silly fetch manifest resolve@^1.22.8
102 silly fetch manifest sucrase@^3.35.0
103 silly fetch manifest chokidar@^3.6.0
104 silly fetch manifest fast-glob@^3.3.2
105 silly fetch manifest lilconfig@^3.1.3
106 silly fetch manifest didyoumean@^1.2.2
107 silly fetch manifest micromatch@^4.0.8
108 silly fetch manifest picocolors@^1.1.1
109 silly fetch manifest postcss-js@^4.0.1
110 silly fetch manifest glob-parent@^6.0.2
111 silly fetch manifest object-hash@^3.0.0
112 silly fetch manifest normalize-path@^3.0.0
113 silly fetch manifest postcss-import@^15.1.0
114 silly fetch manifest postcss-nested@^6.2.0
115 silly fetch manifest @alloc/quick-lru@^5.2.0
116 silly fetch manifest postcss-load-config@^4.0.2
117 silly fetch manifest postcss-selector-parser@^6.1.2
118 silly fetch manifest rollup@^4.20.0
119 silly fetch manifest esbuild@^0.21.3
120 silly fetch manifest fsevents@~2.3.3
121 silly fetch manifest browserslist@^4.23.3
122 silly fetch manifest caniuse-lite@^1.0.30001646
123 silly fetch manifest fraction.js@^4.3.7
124 silly fetch manifest normalize-range@^0.1.2
125 silly fetch manifest picocolors@^1.0.1
126 silly fetch manifest postcss-value-parser@^4.2.0
127 silly fetch manifest nanoid@^3.3.7
128 silly fetch manifest source-map-js@^1.2.1
129 silly fetch manifest follow-redirects@^1.15.6
130 silly fetch manifest form-data@^4.0.0
131 silly fetch manifest proxy-from-env@^1.1.0
132 silly fetch manifest chalk@^4.1.2
133 silly fetch manifest lodash@^4.17.21
134 silly fetch manifest rxjs@^7.8.1
135 silly fetch manifest shell-quote@^1.8.1
136 silly fetch manifest supports-color@^8.1.1
137 silly fetch manifest tree-kill@^1.2.2
138 silly fetch manifest yargs@^17.7.2
139 silly fetch manifest picocolors@^1.0.0
140 silly fetch manifest vite-plugin-full-reload@^1.1.0
141 http fetch GET 200 https://registry.npmjs.org/is-glob 1093ms (cache miss)
142 http fetch GET 200 https://registry.npmjs.org/arg 1180ms (cache miss)
143 http fetch GET 200 https://registry.npmjs.org/didyoumean 2075ms (cache miss)
144 http fetch GET 200 https://registry.npmjs.org/lilconfig 2315ms (cache miss)
145 http fetch GET 200 https://registry.npmjs.org/picocolors 2545ms (cache miss)
146 http fetch GET 200 https://registry.npmjs.org/glob-parent 2792ms (cache miss)
147 http fetch GET 200 https://registry.npmjs.org/micromatch 2823ms (cache miss)
148 http fetch GET 200 https://registry.npmjs.org/normalize-path 2919ms (cache miss)
149 http fetch GET 200 https://registry.npmjs.org/lodash.isequal 3382ms (cache miss)
150 http fetch GET 200 https://registry.npmjs.org/postcss-js 3404ms (cache miss)
151 http fetch GET 200 https://registry.npmjs.org/object-hash 3567ms (cache miss)
152 http fetch GET 200 https://registry.npmjs.org/picocolors 3561ms (cache miss)
153 http fetch GET 200 https://registry.npmjs.org/postcss-nested 3711ms (cache miss)
154 http fetch GET 200 https://registry.npmjs.org/@alloc%2fquick-lru 3718ms (cache miss)
155 http fetch GET 200 https://registry.npmjs.org/mini-svg-data-uri 3837ms (cache miss)
156 http fetch GET 200 https://registry.npmjs.org/postcss-load-config 3785ms (cache miss)
157 http fetch GET 200 https://registry.npmjs.org/postcss-import 3843ms (cache miss)
158 http fetch GET 200 https://registry.npmjs.org/normalize-range 3850ms (cache miss)
159 http fetch GET 200 https://registry.npmjs.org/picocolors 3841ms (cache miss)
160 http fetch GET 200 https://registry.npmjs.org/lodash.clonedeep 4084ms (cache miss)
161 http fetch GET 200 https://registry.npmjs.org/source-map-js 3973ms (cache miss)
162 http fetch GET 200 https://registry.npmjs.org/postcss-value-parser 4032ms (cache miss)
163 http fetch GET 200 https://registry.npmjs.org/proxy-from-env 4031ms (cache miss)
164 http fetch GET 200 https://registry.npmjs.org/fraction.js 4127ms (cache miss)
165 http fetch GET 200 https://registry.npmjs.org/shell-quote 4092ms (cache miss)
166 http fetch GET 200 https://registry.npmjs.org/dlv 4251ms (cache miss)
167 http fetch GET 200 https://registry.npmjs.org/form-data 4164ms (cache miss)
168 http fetch GET 200 https://registry.npmjs.org/lodash 4168ms (cache miss)
169 http fetch GET 200 https://registry.npmjs.org/follow-redirects 4205ms (cache miss)
170 http fetch GET 200 https://registry.npmjs.org/chalk 4336ms (cache miss)
171 http fetch GET 200 https://registry.npmjs.org/supports-color 4448ms (cache miss)
172 http fetch GET 200 https://registry.npmjs.org/tree-kill 4516ms (cache miss)
173 http fetch GET 200 https://registry.npmjs.org/vite-plugin-full-reload 4541ms (cache miss)
174 http fetch GET 200 https://registry.npmjs.org/fsevents 4649ms (cache miss)
175 http fetch GET 200 https://registry.npmjs.org/nanoid 4650ms (cache miss)
176 http fetch GET 200 https://registry.npmjs.org/postcss-selector-parser 4863ms (cache miss)
177 http fetch GET 200 https://registry.npmjs.org/@inertiajs%2fcore 4994ms (cache miss)
178 http fetch GET 200 https://registry.npmjs.org/yargs 4944ms (cache miss)
179 http fetch GET 200 https://registry.npmjs.org/rxjs 5030ms (cache miss)
180 http fetch GET 200 https://registry.npmjs.org/browserslist 5140ms (cache miss)
181 http fetch GET 200 https://registry.npmjs.org/sucrase 5414ms (cache miss)
182 http fetch GET 200 https://registry.npmjs.org/@vue%2fruntime-dom 5509ms (cache miss)
183 http fetch GET 200 https://registry.npmjs.org/@vue%2fserver-renderer 5500ms (cache miss)
184 http fetch GET 200 https://registry.npmjs.org/jiti 5530ms (cache miss)
185 http fetch GET 200 https://registry.npmjs.org/@vue%2fcompiler-dom 5578ms (cache miss)
186 http fetch GET 200 https://registry.npmjs.org/esbuild 5734ms (cache miss)
187 http fetch GET 200 https://registry.npmjs.org/@vue%2fshared 5894ms (cache miss)
188 http fetch GET 200 https://registry.npmjs.org/@vue%2fcompiler-sfc 5922ms (cache miss)
189 http fetch GET 200 https://registry.npmjs.org/caniuse-lite 6174ms (cache miss)
190 http fetch GET 200 https://registry.npmjs.org/rollup 6234ms (cache miss)
191 http fetch GET 200 https://registry.npmjs.org/chokidar 8177ms (cache miss)
192 http fetch GET 200 https://registry.npmjs.org/fast-glob 8640ms (cache miss)
193 http fetch GET 200 https://registry.npmjs.org/resolve 8780ms (cache miss)
194 timing idealTree:#root Completed in 35330ms
195 silly placeDep ROOT @inertiajs/core@1.2.0 OK for: @inertiajs/vue3@1.2.0 want: 1.2.0
196 silly placeDep ROOT lodash.clonedeep@4.5.0 OK for: @inertiajs/vue3@1.2.0 want: ^4.5.0
197 silly placeDep ROOT lodash.isequal@4.5.0 OK for: @inertiajs/vue3@1.2.0 want: ^4.5.0
198 silly fetch manifest qs@^6.9.0
199 silly fetch manifest deepmerge@^4.0.0
200 silly fetch manifest nprogress@^0.2.0
201 http fetch GET 200 https://registry.npmjs.org/qs 517ms (cache miss)
202 http fetch GET 200 https://registry.npmjs.org/nprogress 1087ms (cache miss)
203 http fetch GET 200 https://registry.npmjs.org/deepmerge 1942ms (cache miss)
204 timing idealTree:node_modules/@inertiajs/vue3 Completed in 1989ms
205 silly placeDep ROOT deepmerge@4.3.1 OK for: @inertiajs/core@1.2.0 want: ^4.0.0
206 silly placeDep ROOT nprogress@0.2.0 OK for: @inertiajs/core@1.2.0 want: ^0.2.0
207 silly placeDep ROOT qs@6.13.1 OK for: @inertiajs/core@1.2.0 want: ^6.9.0
208 silly fetch manifest side-channel@^1.0.6
209 http fetch GET 200 https://registry.npmjs.org/side-channel 1111ms (cache miss)
210 timing idealTree:node_modules/@inertiajs/core Completed in 1135ms
211 silly placeDep ROOT mini-svg-data-uri@1.4.4 OK for: @tailwindcss/forms@0.5.9 want: ^1.2.3
212 timing idealTree:node_modules/@tailwindcss/forms Completed in 28ms
213 timing idealTree:node_modules/@vitejs/plugin-vue Completed in 0ms
214 silly placeDep ROOT browserslist@4.24.2 OK for: autoprefixer@10.4.20 want: ^4.23.3
215 silly placeDep ROOT caniuse-lite@1.0.30001687 OK for: autoprefixer@10.4.20 want: ^1.0.30001646
216 silly placeDep ROOT fraction.js@4.3.7 OK for: autoprefixer@10.4.20 want: ^4.3.7
217 silly placeDep ROOT normalize-range@0.1.2 OK for: autoprefixer@10.4.20 want: ^0.1.2
218 silly placeDep ROOT picocolors@1.1.1 OK for: autoprefixer@10.4.20 want: ^1.0.1
219 silly placeDep ROOT postcss-value-parser@4.2.0 OK for: autoprefixer@10.4.20 want: ^4.2.0
220 silly fetch manifest electron-to-chromium@^1.5.41
221 silly fetch manifest node-releases@^2.0.18
222 silly fetch manifest update-browserslist-db@^1.1.1
223 http fetch GET 200 https://registry.npmjs.org/update-browserslist-db 1968ms (cache miss)
224 http fetch GET 200 https://registry.npmjs.org/node-releases 2083ms (cache miss)
225 http fetch GET 200 https://registry.npmjs.org/electron-to-chromium 2288ms (cache miss)
226 timing idealTree:node_modules/autoprefixer Completed in 2352ms
227 silly placeDep ROOT follow-redirects@1.15.9 OK for: axios@1.7.9 want: ^1.15.6
228 silly placeDep ROOT form-data@4.0.1 OK for: axios@1.7.9 want: ^4.0.0
229 silly placeDep ROOT proxy-from-env@1.1.0 OK for: axios@1.7.9 want: ^1.1.0
230 silly fetch manifest asynckit@^0.4.0
231 silly fetch manifest combined-stream@^1.0.8
232 silly fetch manifest mime-types@^2.1.12
233 http fetch GET 200 https://registry.npmjs.org/combined-stream 198ms (cache miss)
234 http fetch GET 200 https://registry.npmjs.org/asynckit 881ms (cache miss)
235 http fetch GET 200 https://registry.npmjs.org/mime-types 3485ms (cache miss)
236 timing idealTree:node_modules/axios Completed in 3514ms
237 silly fetch manifest browserslist@>= 4.21.0
238 silly placeDep ROOT electron-to-chromium@1.5.71 OK for: browserslist@4.24.2 want: ^1.5.41
239 silly placeDep ROOT node-releases@2.0.18 OK for: browserslist@4.24.2 want: ^2.0.18
240 silly placeDep ROOT update-browserslist-db@1.1.1 OK for: browserslist@4.24.2 want: ^1.1.1
241 silly fetch manifest escalade@^3.2.0
242 http fetch GET 200 https://registry.npmjs.org/escalade 1107ms (cache miss)
243 timing idealTree:node_modules/browserslist Completed in 1145ms
244 timing idealTree:node_modules/caniuse-lite Completed in 0ms
245 silly placeDep ROOT chalk@4.1.2 OK for: concurrently@9.1.0 want: ^4.1.2
246 silly placeDep ROOT lodash@4.17.21 OK for: concurrently@9.1.0 want: ^4.17.21
247 silly placeDep ROOT rxjs@7.8.1 OK for: concurrently@9.1.0 want: ^7.8.1
248 silly placeDep ROOT shell-quote@1.8.2 OK for: concurrently@9.1.0 want: ^1.8.1
249 silly placeDep ROOT supports-color@8.1.1 OK for: concurrently@9.1.0 want: ^8.1.1
250 silly placeDep ROOT tree-kill@1.2.2 OK for: concurrently@9.1.0 want: ^1.2.2
251 silly placeDep ROOT yargs@17.7.2 OK for: concurrently@9.1.0 want: ^17.7.2
252 silly fetch manifest ansi-styles@^4.1.0
253 silly fetch manifest supports-color@^7.1.0
254 silly fetch manifest tslib@^2.1.0
255 silly fetch manifest has-flag@^4.0.0
256 silly fetch manifest y18n@^5.0.5
257 silly fetch manifest cliui@^8.0.1
258 silly fetch manifest escalade@^3.1.1
259 silly fetch manifest string-width@^4.2.3
260 silly fetch manifest yargs-parser@^21.1.1
261 silly fetch manifest get-caller-file@^2.0.5
262 silly fetch manifest require-directory@^2.1.1
263 http fetch GET 200 https://registry.npmjs.org/ansi-styles 652ms (cache miss)
264 http fetch GET 200 https://registry.npmjs.org/require-directory 638ms (cache miss)
265 http fetch GET 200 https://registry.npmjs.org/has-flag 749ms (cache miss)
266 http fetch GET 200 https://registry.npmjs.org/string-width 745ms (cache miss)
267 http fetch GET 200 https://registry.npmjs.org/tslib 943ms (cache miss)
268 http fetch GET 200 https://registry.npmjs.org/get-caller-file 1055ms (cache miss)
269 http fetch GET 200 https://registry.npmjs.org/y18n 1192ms (cache miss)
270 http fetch GET 200 https://registry.npmjs.org/cliui 3687ms (cache miss)
271 http fetch GET 200 https://registry.npmjs.org/yargs-parser 15168ms (cache miss)
272 timing idealTree:node_modules/concurrently Completed in 15325ms
273 silly placeDep ROOT ansi-styles@4.3.0 OK for: chalk@4.1.2 want: ^4.1.0
274 silly placeDep node_modules/chalk supports-color@7.2.0 OK for: chalk@4.1.2 want: ^7.1.0
275 silly fetch manifest color-convert@^2.0.1
276 http fetch GET 200 https://registry.npmjs.org/color-convert 1807ms (cache miss)
277 timing idealTree:node_modules/chalk Completed in 1824ms
278 silly placeDep ROOT color-convert@2.0.1 OK for: ansi-styles@4.3.0 want: ^2.0.1
279 silly fetch manifest color-name@~1.1.4
280 http fetch GET 200 https://registry.npmjs.org/color-name 442ms (cache miss)
281 timing idealTree:node_modules/ansi-styles Completed in 459ms
282 silly placeDep ROOT color-name@1.1.4 OK for: color-convert@2.0.1 want: ~1.1.4
283 timing idealTree:node_modules/color-convert Completed in 7ms
284 timing idealTree:node_modules/color-name Completed in 0ms
285 timing idealTree:node_modules/deepmerge Completed in 0ms
286 timing idealTree:node_modules/electron-to-chromium Completed in 0ms
287 timing idealTree:node_modules/follow-redirects Completed in 0ms
288 silly placeDep ROOT asynckit@0.4.0 OK for: form-data@4.0.1 want: ^0.4.0
289 silly placeDep ROOT combined-stream@1.0.8 OK for: form-data@4.0.1 want: ^1.0.8
290 silly placeDep ROOT mime-types@2.1.35 OK for: form-data@4.0.1 want: ^2.1.12
291 silly fetch manifest delayed-stream@~1.0.0
292 silly fetch manifest mime-db@1.52.0
293 http fetch GET 200 https://registry.npmjs.org/delayed-stream 227ms (cache miss)
294 http fetch GET 200 https://registry.npmjs.org/mime-db 268ms (cache miss)
295 timing idealTree:node_modules/form-data Completed in 301ms
296 timing idealTree:node_modules/asynckit Completed in 0ms
297 silly placeDep node_modules/combined-stream delayed-stream@ OK for: combined-stream@1.0.8 want: ~1.0.0
298 timing idealTree:node_modules/combined-stream Completed in 7ms
299 timing idealTree:node_modules/fraction.js Completed in 0ms
300 silly placeDep ROOT vite-plugin-full-reload@1.2.0 OK for: laravel-vite-plugin@1.1.1 want: ^1.1.0
301 silly fetch manifest picomatch@^2.3.1
302 http fetch GET 200 https://registry.npmjs.org/picomatch 226ms (cache miss)
303 timing idealTree:node_modules/laravel-vite-plugin Completed in 243ms
304 timing idealTree:node_modules/lodash Completed in 0ms
305 timing idealTree:node_modules/lodash.clonedeep Completed in 0ms
306 timing idealTree:node_modules/lodash.isequal Completed in 0ms
307 silly placeDep ROOT mime-db@1.52.0 OK for: mime-types@2.1.35 want: 1.52.0
308 timing idealTree:node_modules/mime-types Completed in 6ms
309 timing idealTree:node_modules/mime-db Completed in 0ms
310 timing idealTree:node_modules/mini-svg-data-uri Completed in 0ms
311 timing idealTree:node_modules/node-releases Completed in 0ms
312 timing idealTree:node_modules/normalize-range Completed in 0ms
313 timing idealTree:node_modules/nprogress Completed in 0ms
314 timing idealTree:node_modules/picocolors Completed in 0ms
315 silly placeDep ROOT nanoid@3.3.8 OK for: postcss@8.4.49 want: ^3.3.7
316 silly placeDep ROOT source-map-js@1.2.1 OK for: postcss@8.4.49 want: ^1.2.1
317 timing idealTree:node_modules/postcss Completed in 9ms
318 timing idealTree:node_modules/nanoid Completed in 0ms
319 timing idealTree:node_modules/postcss-value-parser Completed in 0ms
320 timing idealTree:node_modules/proxy-from-env Completed in 0ms
321 silly placeDep ROOT side-channel@1.0.6 OK for: qs@6.13.1 want: ^1.0.6
322 silly fetch manifest call-bind@^1.0.7
323 silly fetch manifest es-errors@^1.3.0
324 silly fetch manifest get-intrinsic@^1.2.4
325 silly fetch manifest object-inspect@^1.13.1
326 http fetch GET 200 https://registry.npmjs.org/call-bind 299ms (cache miss)
327 http fetch GET 200 https://registry.npmjs.org/es-errors 410ms (cache miss)
328 http fetch GET 200 https://registry.npmjs.org/object-inspect 439ms (cache miss)
329 http fetch GET 200 https://registry.npmjs.org/get-intrinsic 455ms (cache miss)
330 timing idealTree:node_modules/qs Completed in 472ms
331 silly placeDep ROOT tslib@2.8.1 OK for: rxjs@7.8.1 want: ^2.1.0
332 timing idealTree:node_modules/rxjs Completed in 6ms
333 timing idealTree:node_modules/shell-quote Completed in 0ms
334 silly placeDep ROOT call-bind@1.0.8 OK for: side-channel@1.0.6 want: ^1.0.7
335 silly placeDep ROOT es-errors@1.3.0 OK for: side-channel@1.0.6 want: ^1.3.0
336 silly placeDep ROOT get-intrinsic@1.2.5 OK for: side-channel@1.0.6 want: ^1.2.4
337 silly placeDep ROOT object-inspect@1.13.3 OK for: side-channel@1.0.6 want: ^1.13.1
338 silly fetch manifest call-bind-apply-helpers@^1.0.0
339 silly fetch manifest es-define-property@^1.0.0
340 silly fetch manifest set-function-length@^1.2.2
341 silly fetch manifest dunder-proto@^1.0.0
342 silly fetch manifest es-define-property@^1.0.1
343 silly fetch manifest function-bind@^1.1.2
344 silly fetch manifest gopd@^1.2.0
345 silly fetch manifest has-symbols@^1.1.0
346 silly fetch manifest hasown@^2.0.2
347 http fetch GET 200 https://registry.npmjs.org/es-define-property 424ms (cache miss)
348 http fetch GET 200 https://registry.npmjs.org/call-bind-apply-helpers 472ms (cache miss)
349 http fetch GET 200 https://registry.npmjs.org/es-define-property 515ms (cache miss)
350 http fetch GET 200 https://registry.npmjs.org/set-function-length 696ms (cache miss)
351 http fetch GET 200 https://registry.npmjs.org/hasown 688ms (cache miss)
352 http fetch GET 200 https://registry.npmjs.org/has-symbols 747ms (cache miss)
353 http fetch GET 200 https://registry.npmjs.org/function-bind 758ms (cache miss)
354 http fetch GET 200 https://registry.npmjs.org/dunder-proto 795ms (cache miss)
355 http fetch GET 200 https://registry.npmjs.org/gopd 809ms (cache miss)
356 timing idealTree:node_modules/side-channel Completed in 857ms
357 silly placeDep ROOT call-bind-apply-helpers@1.0.0 OK for: call-bind@1.0.8 want: ^1.0.0
358 silly placeDep ROOT es-define-property@1.0.1 OK for: call-bind@1.0.8 want: ^1.0.0
359 silly placeDep ROOT set-function-length@1.2.2 OK for: call-bind@1.0.8 want: ^1.2.2
360 silly fetch manifest define-data-property@^1.1.4
361 silly fetch manifest gopd@^1.0.1
362 silly fetch manifest has-property-descriptors@^1.0.2
363 http fetch GET 200 https://registry.npmjs.org/define-data-property 550ms (cache miss)
364 http fetch GET 200 https://registry.npmjs.org/has-property-descriptors 552ms (cache miss)
365 timing idealTree:node_modules/call-bind Completed in 587ms
366 silly placeDep ROOT function-bind@1.1.2 OK for: call-bind-apply-helpers@1.0.0 want: ^1.1.2
367 timing idealTree:node_modules/call-bind-apply-helpers Completed in 6ms
368 timing idealTree:node_modules/es-define-property Completed in 0ms
369 timing idealTree:node_modules/es-errors Completed in 0ms
370 timing idealTree:node_modules/function-bind Completed in 0ms
371 silly placeDep ROOT dunder-proto@1.0.0 OK for: get-intrinsic@1.2.5 want: ^1.0.0
372 silly placeDep ROOT gopd@1.2.0 OK for: get-intrinsic@1.2.5 want: ^1.2.0
373 silly placeDep ROOT has-symbols@1.1.0 OK for: get-intrinsic@1.2.5 want: ^1.1.0
374 silly placeDep ROOT hasown@2.0.2 OK for: get-intrinsic@1.2.5 want: ^2.0.2
375 timing idealTree:node_modules/get-intrinsic Completed in 24ms
376 timing idealTree:node_modules/dunder-proto Completed in 0ms
377 timing idealTree:node_modules/gopd Completed in 0ms
378 timing idealTree:node_modules/has-symbols Completed in 0ms
379 timing idealTree:node_modules/hasown Completed in 0ms
380 timing idealTree:node_modules/object-inspect Completed in 0ms
381 silly placeDep ROOT define-data-property@1.1.4 OK for: set-function-length@1.2.2 want: ^1.1.4
382 silly placeDep ROOT has-property-descriptors@1.0.2 OK for: set-function-length@1.2.2 want: ^1.0.2
383 timing idealTree:node_modules/set-function-length Completed in 14ms
384 timing idealTree:node_modules/define-data-property Completed in 0ms
385 timing idealTree:node_modules/has-property-descriptors Completed in 0ms
386 timing idealTree:node_modules/source-map-js Completed in 0ms
387 silly placeDep ROOT has-flag@4.0.0 OK for: supports-color@8.1.1 want: ^4.0.0
388 timing idealTree:node_modules/supports-color Completed in 4ms
389 timing idealTree:node_modules/has-flag Completed in 0ms
390 silly fetch manifest postcss@^8.4.47
391 silly fetch manifest ts-node@>=9.0.0
392 http fetch GET 200 https://registry.npmjs.org/ts-node 383ms (cache miss)
393 silly fetch manifest @swc/core@>=1.2.50
394 http fetch GET 200 https://registry.npmjs.org/@swc%2fcore 864ms (cache miss)
395 silly fetch manifest @swc/helpers@*
396 http fetch GET 200 https://registry.npmjs.org/@swc%2fhelpers 700ms (cache miss)
397 silly fetch manifest @swc/wasm@>=1.2.50
398 http fetch GET 200 https://registry.npmjs.org/@swc%2fwasm 805ms (cache miss)
399 silly fetch manifest @types/node@*
400 silly fetch manifest typescript@>=2.7
401 silly placeDep ROOT @alloc/quick-lru@5.2.0 OK for: tailwindcss@3.4.16 want: ^5.2.0
402 silly placeDep ROOT arg@5.0.2 OK for: tailwindcss@3.4.16 want: ^5.0.2
403 silly placeDep ROOT chokidar@3.6.0 OK for: tailwindcss@3.4.16 want: ^3.6.0
404 silly placeDep ROOT didyoumean@1.2.2 OK for: tailwindcss@3.4.16 want: ^1.2.2
405 silly placeDep ROOT dlv@1.1.3 OK for: tailwindcss@3.4.16 want: ^1.1.3
406 silly placeDep ROOT fast-glob@3.3.2 OK for: tailwindcss@3.4.16 want: ^3.3.2
407 silly placeDep ROOT glob-parent@6.0.2 OK for: tailwindcss@3.4.16 want: ^6.0.2
408 silly placeDep ROOT is-glob@4.0.3 OK for: tailwindcss@3.4.16 want: ^4.0.3
409 silly placeDep ROOT jiti@1.21.6 OK for: tailwindcss@3.4.16 want: ^1.21.6
410 silly placeDep ROOT lilconfig@3.1.3 OK for: tailwindcss@3.4.16 want: ^3.1.3
411 silly placeDep ROOT micromatch@4.0.8 OK for: tailwindcss@3.4.16 want: ^4.0.8
412 silly placeDep ROOT normalize-path@3.0.0 OK for: tailwindcss@3.4.16 want: ^3.0.0
413 silly placeDep ROOT object-hash@3.0.0 OK for: tailwindcss@3.4.16 want: ^3.0.0
414 silly placeDep ROOT postcss-import@15.1.0 OK for: tailwindcss@3.4.16 want: ^15.1.0
415 silly placeDep ROOT postcss-js@4.0.1 OK for: tailwindcss@3.4.16 want: ^4.0.1
416 silly placeDep ROOT postcss-load-config@4.0.2 OK for: tailwindcss@3.4.16 want: ^4.0.2
417 silly placeDep ROOT postcss-nested@6.2.0 OK for: tailwindcss@3.4.16 want: ^6.2.0
418 silly placeDep ROOT postcss-selector-parser@6.1.2 OK for: tailwindcss@3.4.16 want: ^6.1.2
419 silly placeDep ROOT resolve@1.22.8 OK for: tailwindcss@3.4.16 want: ^1.22.8
420 silly placeDep ROOT sucrase@3.35.0 OK for: tailwindcss@3.4.16 want: ^3.35.0
421 silly fetch manifest braces@~3.0.2
422 silly fetch manifest anymatch@~3.1.2
423 silly fetch manifest readdirp@~3.6.0
424 silly fetch manifest glob-parent@~5.1.2
425 silly fetch manifest is-binary-path@~2.1.0
426 silly fetch manifest fsevents@~2.3.2
427 silly fetch manifest @nodelib/fs.stat@^2.0.2
428 silly fetch manifest @nodelib/fs.walk@^1.2.3
429 silly fetch manifest glob-parent@^5.1.2
430 silly fetch manifest merge2@^1.3.0
431 silly fetch manifest is-extglob@^2.1.1
432 silly fetch manifest braces@^3.0.3
433 silly fetch manifest read-cache@^1.0.0
434 silly fetch manifest camelcase-css@^2.0.1
435 silly fetch manifest yaml@^2.3.4
436 silly fetch manifest cssesc@^3.0.0
437 silly fetch manifest util-deprecate@^1.0.2
438 silly fetch manifest is-core-module@^2.13.0
439 silly fetch manifest path-parse@^1.0.7
440 silly fetch manifest supports-preserve-symlinks-flag@^1.0.0
441 silly fetch manifest @jridgewell/gen-mapping@^0.3.2
442 silly fetch manifest commander@^4.0.0
443 silly fetch manifest glob@^10.3.10
444 silly fetch manifest lines-and-columns@^1.1.6
445 silly fetch manifest mz@^2.7.0
446 silly fetch manifest pirates@^4.0.1
447 silly fetch manifest ts-interface-checker@^0.1.9
448 http fetch GET 200 https://registry.npmjs.org/supports-preserve-symlinks-flag 2338ms (cache miss)
449 http fetch GET 200 https://registry.npmjs.org/is-extglob 2477ms (cache miss)
450 http fetch GET 200 https://registry.npmjs.org/camelcase-css 2478ms (cache miss)
451 http fetch GET 200 https://registry.npmjs.org/path-parse 2521ms (cache miss)
452 http fetch GET 200 https://registry.npmjs.org/read-cache 2606ms (cache miss)
453 http fetch GET 200 https://registry.npmjs.org/util-deprecate 2771ms (cache miss)
454 http fetch GET 200 https://registry.npmjs.org/is-binary-path 2952ms (cache miss)
455 http fetch GET 200 https://registry.npmjs.org/@nodelib%2ffs.stat 3010ms (cache miss)
456 http fetch GET 200 https://registry.npmjs.org/pirates 2917ms (cache miss)
457 http fetch GET 200 https://registry.npmjs.org/braces 3073ms (cache miss)
458 http fetch GET 200 https://registry.npmjs.org/anymatch 3208ms (cache miss)
459 http fetch GET 200 https://registry.npmjs.org/mz 3101ms (cache miss)
460 http fetch GET 200 https://registry.npmjs.org/braces 3203ms (cache miss)
461 http fetch GET 200 https://registry.npmjs.org/cssesc 3188ms (cache miss)
462 http fetch GET 200 https://registry.npmjs.org/lines-and-columns 3159ms (cache miss)
463 http fetch GET 200 https://registry.npmjs.org/@nodelib%2ffs.walk 3305ms (cache miss)
464 http fetch GET 200 https://registry.npmjs.org/merge2 3348ms (cache miss)
465 http fetch GET 200 https://registry.npmjs.org/@jridgewell%2fgen-mapping 3326ms (cache miss)
466 http fetch GET 200 https://registry.npmjs.org/is-core-module 3354ms (cache miss)
467 http fetch GET 200 https://registry.npmjs.org/ts-interface-checker 3355ms (cache miss)
468 http fetch GET 200 https://registry.npmjs.org/readdirp 3558ms (cache miss)
469 http fetch GET 200 https://registry.npmjs.org/glob 3567ms (cache miss)
470 http fetch GET 200 https://registry.npmjs.org/commander 3634ms (cache miss)
471 http fetch GET 200 https://registry.npmjs.org/yaml 3697ms (cache miss)
472 timing idealTree:node_modules/tailwindcss Completed in 6849ms
473 timing idealTree:node_modules/@alloc/quick-lru Completed in 0ms
474 timing idealTree:node_modules/arg Completed in 0ms
475 silly placeDep ROOT anymatch@3.1.3 OK for: chokidar@3.6.0 want: ~3.1.2
476 silly placeDep ROOT braces@3.0.3 OK for: chokidar@3.6.0 want: ~3.0.2
477 silly placeDep ROOT fsevents@2.3.3 OK for: chokidar@3.6.0 want: ~2.3.2
478 silly placeDep node_modules/chokidar glob-parent@5.1.2 OK for: chokidar@3.6.0 want: ~5.1.2
479 silly placeDep ROOT is-binary-path@2.1.0 OK for: chokidar@3.6.0 want: ~2.1.0
480 silly placeDep ROOT readdirp@3.6.0 OK for: chokidar@3.6.0 want: ~3.6.0
481 silly fetch manifest picomatch@^2.0.4
482 silly fetch manifest fill-range@^7.1.1
483 silly fetch manifest binary-extensions@^2.0.0
484 silly fetch manifest picomatch@^2.2.1
485 http fetch GET 200 https://registry.npmjs.org/fill-range 462ms (cache miss)
486 http fetch GET 200 https://registry.npmjs.org/binary-extensions 522ms (cache miss)
487 timing idealTree:node_modules/chokidar Completed in 566ms
488 silly placeDep ROOT picomatch@2.3.1 OK for: anymatch@3.1.3 want: ^2.0.4
489 timing idealTree:node_modules/anymatch Completed in 5ms
490 silly placeDep ROOT fill-range@7.1.1 OK for: braces@3.0.3 want: ^7.1.1
491 silly fetch manifest to-regex-range@^5.0.1
492 http fetch GET 200 https://registry.npmjs.org/to-regex-range 217ms (cache miss)
493 timing idealTree:node_modules/braces Completed in 234ms
494 timing idealTree:node_modules/didyoumean Completed in 0ms
495 timing idealTree:node_modules/dlv Completed in 0ms
496 silly placeDep ROOT @nodelib/fs.stat@2.0.5 OK for: fast-glob@3.3.2 want: ^2.0.2
497 silly placeDep ROOT @nodelib/fs.walk@1.2.8 OK for: fast-glob@3.3.2 want: ^1.2.3
498 silly placeDep node_modules/fast-glob glob-parent@5.1.2 OK for: fast-glob@3.3.2 want: ^5.1.2
499 silly placeDep ROOT merge2@1.4.1 OK for: fast-glob@3.3.2 want: ^1.3.0
500 silly fetch manifest fastq@^1.6.0
501 silly fetch manifest @nodelib/fs.scandir@2.1.5
502 http fetch GET 200 https://registry.npmjs.org/fastq 446ms (cache miss)
503 http fetch GET 200 https://registry.npmjs.org/@nodelib%2ffs.scandir 2160ms (cache miss)
504 timing idealTree:node_modules/fast-glob Completed in 2239ms
505 timing idealTree:node_modules/@nodelib/fs.stat Completed in 0ms
506 silly placeDep ROOT @nodelib/fs.scandir@2.1.5 OK for: @nodelib/fs.walk@1.2.8 want: 2.1.5
507 silly placeDep ROOT fastq@1.17.1 OK for: @nodelib/fs.walk@1.2.8 want: ^1.6.0
508 silly fetch manifest run-parallel@^1.1.9
509 silly fetch manifest reusify@^1.0.4
510 http fetch GET 200 https://registry.npmjs.org/reusify 260ms (cache miss)
511 http fetch GET 200 https://registry.npmjs.org/run-parallel 825ms (cache miss)
512 timing idealTree:node_modules/@nodelib/fs.walk Completed in 848ms
513 silly placeDep ROOT run-parallel@1.2.0 OK for: @nodelib/fs.scandir@2.1.5 want: ^1.1.9
514 silly fetch manifest queue-microtask@^1.2.2
515 http fetch GET 200 https://registry.npmjs.org/queue-microtask 211ms (cache miss)
516 timing idealTree:node_modules/@nodelib/fs.scandir Completed in 221ms
517 silly placeDep ROOT reusify@1.0.4 OK for: fastq@1.17.1 want: ^1.0.4
518 timing idealTree:node_modules/fastq Completed in 4ms
519 silly placeDep ROOT to-regex-range@5.0.1 OK for: fill-range@7.1.1 want: ^5.0.1
520 silly fetch manifest is-number@^7.0.0
521 http fetch GET 200 https://registry.npmjs.org/is-number 238ms (cache miss)
522 timing idealTree:node_modules/fill-range Completed in 246ms
523 timing idealTree:node_modules/fsevents Completed in 0ms
524 timing idealTree:node_modules/glob-parent Completed in 0ms
525 silly placeDep ROOT binary-extensions@2.3.0 OK for: is-binary-path@2.1.0 want: ^2.0.0
526 timing idealTree:node_modules/is-binary-path Completed in 4ms
527 timing idealTree:node_modules/binary-extensions Completed in 0ms
528 silly placeDep ROOT is-extglob@2.1.1 OK for: is-glob@4.0.3 want: ^2.1.1
529 timing idealTree:node_modules/is-glob Completed in 5ms
530 timing idealTree:node_modules/is-extglob Completed in 0ms
531 timing idealTree:node_modules/jiti Completed in 0ms
532 timing idealTree:node_modules/lilconfig Completed in 0ms
533 timing idealTree:node_modules/merge2 Completed in 0ms
534 timing idealTree:node_modules/micromatch Completed in 0ms
535 timing idealTree:node_modules/normalize-path Completed in 0ms
536 timing idealTree:node_modules/object-hash Completed in 0ms
537 timing idealTree:node_modules/picomatch Completed in 0ms
538 silly placeDep ROOT read-cache@1.0.0 OK for: postcss-import@15.1.0 want: ^1.0.0
539 silly fetch manifest pify@^2.3.0
540 http fetch GET 200 https://registry.npmjs.org/pify 510ms (cache miss)
541 timing idealTree:node_modules/postcss-import Completed in 519ms
542 silly placeDep ROOT camelcase-css@2.0.1 OK for: postcss-js@4.0.1 want: ^2.0.1
543 timing idealTree:node_modules/postcss-js Completed in 13ms
544 timing idealTree:node_modules/camelcase-css Completed in 0ms
545 silly placeDep ROOT yaml@2.6.1 OK for: postcss-load-config@4.0.2 want: ^2.3.4
546 timing idealTree:node_modules/postcss-load-config Completed in 4ms
547 timing idealTree:node_modules/postcss-nested Completed in 0ms
548 silly placeDep ROOT cssesc@3.0.0 OK for: postcss-selector-parser@6.1.2 want: ^3.0.0
549 silly placeDep ROOT util-deprecate@1.0.2 OK for: postcss-selector-parser@6.1.2 want: ^1.0.2
550 timing idealTree:node_modules/postcss-selector-parser Completed in 13ms
551 timing idealTree:node_modules/cssesc Completed in 1ms
552 silly placeDep ROOT pify@2.3.0 OK for: read-cache@1.0.0 want: ^2.3.0
553 timing idealTree:node_modules/read-cache Completed in 4ms
554 timing idealTree:node_modules/pify Completed in 0ms
555 timing idealTree:node_modules/readdirp Completed in 0ms
556 silly placeDep ROOT is-core-module@2.15.1 OK for: resolve@1.22.8 want: ^2.13.0
557 silly placeDep ROOT path-parse@1.0.7 OK for: resolve@1.22.8 want: ^1.0.7
558 silly placeDep ROOT supports-preserve-symlinks-flag@1.0.0 OK for: resolve@1.22.8 want: ^1.0.0
559 timing idealTree:node_modules/resolve Completed in 14ms
560 timing idealTree:node_modules/is-core-module Completed in 0ms
561 timing idealTree:node_modules/path-parse Completed in 0ms
562 timing idealTree:node_modules/reusify Completed in 0ms
563 silly placeDep ROOT queue-microtask@1.2.3 OK for: run-parallel@1.2.0 want: ^1.2.2
564 timing idealTree:node_modules/run-parallel Completed in 5ms
565 timing idealTree:node_modules/queue-microtask Completed in 0ms
566 silly placeDep ROOT @jridgewell/gen-mapping@0.3.5 OK for: sucrase@3.35.0 want: ^0.3.2
567 silly placeDep ROOT commander@4.1.1 OK for: sucrase@3.35.0 want: ^4.0.0
568 silly placeDep ROOT glob@10.4.5 OK for: sucrase@3.35.0 want: ^10.3.10
569 silly placeDep ROOT lines-and-columns@1.2.4 OK for: sucrase@3.35.0 want: ^1.1.6
570 silly placeDep ROOT mz@2.7.0 OK for: sucrase@3.35.0 want: ^2.7.0
571 silly placeDep ROOT pirates@4.0.6 OK for: sucrase@3.35.0 want: ^4.0.1
572 silly placeDep ROOT ts-interface-checker@0.1.13 OK for: sucrase@3.35.0 want: ^0.1.9
573 silly fetch manifest @jridgewell/set-array@^1.2.1
574 silly fetch manifest @jridgewell/trace-mapping@^0.3.24
575 silly fetch manifest @jridgewell/sourcemap-codec@^1.4.10
576 silly fetch manifest minipass@^7.1.2
577 silly fetch manifest jackspeak@^3.1.2
578 silly fetch manifest minimatch@^9.0.4
579 silly fetch manifest path-scurry@^1.11.1
580 silly fetch manifest foreground-child@^3.1.0
581 silly fetch manifest package-json-from-dist@^1.0.0
582 silly fetch manifest any-promise@^1.0.0
583 silly fetch manifest object-assign@^4.0.1
584 silly fetch manifest thenify-all@^1.0.0
585 http fetch GET 200 https://registry.npmjs.org/package-json-from-dist 733ms (cache miss)
586 http fetch GET 200 https://registry.npmjs.org/object-assign 804ms (cache miss)
587 http fetch GET 200 https://registry.npmjs.org/thenify-all 896ms (cache miss)
588 http fetch GET 200 https://registry.npmjs.org/foreground-child 1014ms (cache miss)
589 http fetch GET 200 https://registry.npmjs.org/@jridgewell%2fset-array 1109ms (cache miss)
590 http fetch GET 200 https://registry.npmjs.org/any-promise 1101ms (cache miss)
591 http fetch GET 200 https://registry.npmjs.org/@jridgewell%2fsourcemap-codec 1206ms (cache miss)
592 http fetch GET 200 https://registry.npmjs.org/@jridgewell%2ftrace-mapping 1372ms (cache miss)
593 http fetch GET 200 https://registry.npmjs.org/jackspeak 1451ms (cache miss)
594 http fetch GET 200 https://registry.npmjs.org/minimatch 1792ms (cache miss)
595 http fetch GET 200 https://registry.npmjs.org/minipass 1862ms (cache miss)
596 http fetch GET 200 https://registry.npmjs.org/path-scurry 1864ms (cache miss)
597 timing idealTree:node_modules/sucrase Completed in 1909ms
598 silly placeDep ROOT @jridgewell/set-array@1.2.1 OK for: @jridgewell/gen-mapping@0.3.5 want: ^1.2.1
599 silly placeDep ROOT @jridgewell/sourcemap-codec@1.5.0 OK for: @jridgewell/gen-mapping@0.3.5 want: ^1.4.10
600 silly placeDep ROOT @jridgewell/trace-mapping@0.3.25 OK for: @jridgewell/gen-mapping@0.3.5 want: ^0.3.24
601 silly fetch manifest @jridgewell/resolve-uri@^3.1.0
602 http fetch GET 200 https://registry.npmjs.org/@jridgewell%2fresolve-uri 663ms (cache miss)
603 timing idealTree:node_modules/@jridgewell/gen-mapping Completed in 691ms
604 timing idealTree:node_modules/@jridgewell/set-array Completed in 0ms
605 timing idealTree:node_modules/@jridgewell/sourcemap-codec Completed in 0ms
606 silly placeDep ROOT @jridgewell/resolve-uri@3.1.2 OK for: @jridgewell/trace-mapping@0.3.25 want: ^3.1.0
607 timing idealTree:node_modules/@jridgewell/trace-mapping Completed in 3ms
608 timing idealTree:node_modules/@jridgewell/resolve-uri Completed in 0ms
609 timing idealTree:node_modules/commander Completed in 0ms
610 silly placeDep ROOT foreground-child@3.3.0 OK for: glob@10.4.5 want: ^3.1.0
611 silly placeDep ROOT jackspeak@3.4.3 OK for: glob@10.4.5 want: ^3.1.2
612 silly placeDep node_modules/glob minimatch@ OK for: glob@10.4.5 want: ^9.0.4
613 silly placeDep ROOT minipass@7.1.2 OK for: glob@10.4.5 want: ^7.1.2
614 silly placeDep ROOT package-json-from-dist@1.0.1 OK for: glob@10.4.5 want: ^1.0.0
615 silly placeDep ROOT path-scurry@1.11.1 OK for: glob@10.4.5 want: ^1.11.1
616 silly fetch manifest cross-spawn@^7.0.0
617 silly fetch manifest signal-exit@^4.0.1
618 silly fetch manifest @isaacs/cliui@^8.0.2
619 silly fetch manifest @pkgjs/parseargs@^0.11.0
620 silly fetch manifest lru-cache@^10.2.0
621 http fetch GET 200 https://registry.npmjs.org/@isaacs%2fcliui 438ms (cache miss)
622 http fetch GET 200 https://registry.npmjs.org/@pkgjs%2fparseargs 679ms (cache miss)
623 http fetch GET 200 https://registry.npmjs.org/lru-cache 937ms (cache miss)
624 http fetch GET 200 https://registry.npmjs.org/cross-spawn 1703ms (cache miss)
625 http fetch GET 200 https://registry.npmjs.org/signal-exit 3526ms (cache miss)
626 timing idealTree:node_modules/glob Completed in 3555ms
627 silly placeDep ROOT cross-spawn@7.0.6 OK for: foreground-child@3.3.0 want: ^7.0.0
628 silly placeDep ROOT signal-exit@4.1.0 OK for: foreground-child@3.3.0 want: ^4.0.1
629 silly fetch manifest which@^2.0.1
630 silly fetch manifest path-key@^3.1.0
631 silly fetch manifest shebang-command@^2.0.0
632 http fetch GET 200 https://registry.npmjs.org/shebang-command 210ms (cache miss)
633 http fetch GET 200 https://registry.npmjs.org/which 271ms (cache miss)
634 http fetch GET 200 https://registry.npmjs.org/path-key 410ms (cache miss)
635 timing idealTree:node_modules/foreground-child Completed in 433ms
636 silly placeDep ROOT path-key@3.1.1 OK for: cross-spawn@7.0.6 want: ^3.1.0
637 silly placeDep ROOT shebang-command@2.0.0 OK for: cross-spawn@7.0.6 want: ^2.0.0
638 silly placeDep ROOT which@2.0.2 OK for: cross-spawn@7.0.6 want: ^2.0.1
639 silly fetch manifest shebang-regex@^3.0.0
640 silly fetch manifest isexe@^2.0.0
641 http fetch GET 200 https://registry.npmjs.org/shebang-regex 567ms (cache miss)
642 http fetch GET 200 https://registry.npmjs.org/isexe 600ms (cache miss)
643 timing idealTree:node_modules/cross-spawn Completed in 623ms
644 silly placeDep ROOT @isaacs/cliui@8.0.2 OK for: jackspeak@3.4.3 want: ^8.0.2
645 silly placeDep ROOT @pkgjs/parseargs@0.11.0 OK for: jackspeak@3.4.3 want: ^0.11.0
646 silly fetch manifest string-width@^5.1.2
647 silly fetch manifest string-width-cjs@npm:string-width@^4.2.0
648 silly fetch manifest strip-ansi@^7.0.1
649 silly fetch manifest strip-ansi-cjs@npm:strip-ansi@^6.0.1
650 silly fetch manifest wrap-ansi@^8.1.0
651 silly fetch manifest wrap-ansi-cjs@npm:wrap-ansi@^7.0.0
652 http fetch GET 200 https://registry.npmjs.org/strip-ansi 197ms (cache miss)
653 http fetch GET 200 https://registry.npmjs.org/strip-ansi 381ms (cache miss)
654 http fetch GET 200 https://registry.npmjs.org/wrap-ansi 1048ms (cache miss)
655 http fetch GET 200 https://registry.npmjs.org/wrap-ansi 1054ms (cache miss)
656 timing idealTree:node_modules/jackspeak Completed in 1094ms
657 silly placeDep ROOT string-width@5.1.2 OK for: @isaacs/cliui@8.0.2 want: ^5.1.2
658 silly placeDep ROOT string-width-cjs@4.2.3 OK for: @isaacs/cliui@8.0.2 want: npm:string-width@^4.2.0
659 silly placeDep ROOT strip-ansi@7.1.0 OK for: @isaacs/cliui@8.0.2 want: ^7.0.1
660 silly placeDep ROOT strip-ansi-cjs@6.0.1 OK for: @isaacs/cliui@8.0.2 want: npm:strip-ansi@^6.0.1
661 silly placeDep ROOT wrap-ansi@8.1.0 OK for: @isaacs/cliui@8.0.2 want: ^8.1.0
662 silly placeDep ROOT wrap-ansi-cjs@7.0.0 OK for: @isaacs/cliui@8.0.2 want: npm:wrap-ansi@^7.0.0
663 silly fetch manifest emoji-regex@^9.2.2
664 silly fetch manifest eastasianwidth@^0.2.0
665 silly fetch manifest strip-ansi@^6.0.1
666 silly fetch manifest emoji-regex@^8.0.0
667 silly fetch manifest is-fullwidth-code-point@^3.0.0
668 silly fetch manifest ansi-regex@^6.0.1
669 silly fetch manifest ansi-regex@^5.0.1
670 silly fetch manifest ansi-styles@^6.1.0
671 silly fetch manifest string-width@^4.1.0
672 silly fetch manifest strip-ansi@^6.0.0
673 http fetch GET 200 https://registry.npmjs.org/emoji-regex 283ms (cache miss)
674 http fetch GET 200 https://registry.npmjs.org/eastasianwidth 314ms (cache miss)
675 http fetch GET 200 https://registry.npmjs.org/emoji-regex 438ms (cache miss)
676 http fetch GET 200 https://registry.npmjs.org/is-fullwidth-code-point 463ms (cache miss)
677 http fetch GET 200 https://registry.npmjs.org/ansi-regex 861ms (cache miss)
678 http fetch GET 200 https://registry.npmjs.org/ansi-regex 873ms (cache miss)
679 timing idealTree:node_modules/@isaacs/cliui Completed in 919ms
680 timing idealTree:node_modules/@pkgjs/parseargs Completed in 0ms
681 timing idealTree:node_modules/lines-and-columns Completed in 0ms
682 timing idealTree:node_modules/minipass Completed in 0ms
683 silly placeDep ROOT any-promise@1.3.0 OK for: mz@2.7.0 want: ^1.0.0
684 silly placeDep ROOT object-assign@4.1.1 OK for: mz@2.7.0 want: ^4.0.1
685 silly placeDep ROOT thenify-all@1.6.0 OK for: mz@2.7.0 want: ^1.0.0
686 silly fetch manifest thenify@>= 3.1.0 < 4
687 http fetch GET 200 https://registry.npmjs.org/thenify 163ms (cache miss)
688 timing idealTree:node_modules/mz Completed in 193ms
689 timing idealTree:node_modules/any-promise Completed in 0ms
690 timing idealTree:node_modules/object-assign Completed in 0ms
691 timing idealTree:node_modules/package-json-from-dist Completed in 0ms
692 timing idealTree:node_modules/path-key Completed in 0ms
693 silly placeDep ROOT lru-cache@10.4.3 OK for: path-scurry@1.11.1 want: ^10.2.0
694 timing idealTree:node_modules/path-scurry Completed in 3ms
695 timing idealTree:node_modules/lru-cache Completed in 0ms
696 timing idealTree:node_modules/pirates Completed in 0ms
697 silly placeDep ROOT shebang-regex@3.0.0 OK for: shebang-command@2.0.0 want: ^3.0.0
698 timing idealTree:node_modules/shebang-command Completed in 3ms
699 timing idealTree:node_modules/shebang-regex Completed in 0ms
700 timing idealTree:node_modules/signal-exit Completed in 0ms
701 silly placeDep ROOT eastasianwidth@0.2.0 OK for: string-width@5.1.2 want: ^0.2.0
702 silly placeDep ROOT emoji-regex@9.2.2 OK for: string-width@5.1.2 want: ^9.2.2
703 timing idealTree:node_modules/string-width Completed in 7ms
704 timing idealTree:node_modules/eastasianwidth Completed in 0ms
705 timing idealTree:node_modules/emoji-regex Completed in 0ms
706 silly placeDep node_modules/string-width-cjs emoji-regex@8.0.0 OK for: string-width@4.2.3 want: ^8.0.0
707 silly placeDep ROOT is-fullwidth-code-point@3.0.0 OK for: string-width@4.2.3 want: ^3.0.0
708 silly placeDep node_modules/string-width-cjs strip-ansi@6.0.1 OK for: string-width@4.2.3 want: ^6.0.1
709 timing idealTree:node_modules/string-width-cjs Completed in 12ms
710 timing idealTree:node_modules/is-fullwidth-code-point Completed in 1ms
711 silly placeDep ROOT ansi-regex@6.1.0 OK for: strip-ansi@7.1.0 want: ^6.0.1
712 timing idealTree:node_modules/strip-ansi Completed in 4ms
713 timing idealTree:node_modules/ansi-regex Completed in 0ms
714 silly placeDep node_modules/strip-ansi-cjs ansi-regex@5.0.1 OK for: strip-ansi@6.0.1 want: ^5.0.1
715 timing idealTree:node_modules/strip-ansi-cjs Completed in 5ms
716 timing idealTree:node_modules/supports-preserve-symlinks-flag Completed in 0ms
717 silly placeDep ROOT thenify@3.3.1 OK for: thenify-all@1.6.0 want: >= 3.1.0 < 4
718 timing idealTree:node_modules/thenify-all Completed in 6ms
719 timing idealTree:node_modules/thenify Completed in 0ms
720 silly placeDep ROOT is-number@7.0.0 OK for: to-regex-range@5.0.1 want: ^7.0.0
721 timing idealTree:node_modules/to-regex-range Completed in 6ms
722 timing idealTree:node_modules/is-number Completed in 0ms
723 timing idealTree:node_modules/tree-kill Completed in 1ms
724 timing idealTree:node_modules/ts-interface-checker Completed in 0ms
725 timing idealTree:node_modules/tslib Completed in 0ms
726 silly placeDep ROOT escalade@3.2.0 OK for: update-browserslist-db@1.1.1 want: ^3.2.0
727 timing idealTree:node_modules/update-browserslist-db Completed in 3ms
728 timing idealTree:node_modules/escalade Completed in 0ms
729 timing idealTree:node_modules/util-deprecate Completed in 0ms
730 silly placeDep ROOT esbuild@0.21.5 OK for: vite@5.4.11 want: ^0.21.3
731 silly placeDep ROOT rollup@4.28.1 OK for: vite@5.4.11 want: ^4.20.0
732 silly fetch manifest @esbuild/aix-ppc64@0.21.5
733 silly fetch manifest @esbuild/linux-arm@0.21.5
734 silly fetch manifest @esbuild/linux-x64@0.21.5
735 silly fetch manifest @esbuild/sunos-x64@0.21.5
736 silly fetch manifest @esbuild/win32-x64@0.21.5
737 silly fetch manifest @esbuild/darwin-x64@0.21.5
738 silly fetch manifest @esbuild/linux-ia32@0.21.5
739 silly fetch manifest @esbuild/netbsd-x64@0.21.5
740 silly fetch manifest @esbuild/win32-ia32@0.21.5
741 silly fetch manifest @esbuild/android-arm@0.21.5
742 silly fetch manifest @esbuild/android-x64@0.21.5
743 silly fetch manifest @esbuild/freebsd-x64@0.21.5
744 silly fetch manifest @esbuild/linux-arm64@0.21.5
745 silly fetch manifest @esbuild/linux-ppc64@0.21.5
746 silly fetch manifest @esbuild/linux-s390x@0.21.5
747 silly fetch manifest @esbuild/openbsd-x64@0.21.5
748 silly fetch manifest @esbuild/win32-arm64@0.21.5
749 silly fetch manifest @esbuild/darwin-arm64@0.21.5
750 silly fetch manifest @esbuild/android-arm64@0.21.5
751 silly fetch manifest @esbuild/freebsd-arm64@0.21.5
752 silly fetch manifest @esbuild/linux-loong64@0.21.5
753 silly fetch manifest @esbuild/linux-riscv64@0.21.5
754 silly fetch manifest @esbuild/linux-mips64el@0.21.5
755 silly fetch manifest @types/estree@1.0.6
756 silly fetch manifest @rollup/rollup-darwin-arm64@4.28.1
757 silly fetch manifest @rollup/rollup-android-arm64@4.28.1
758 silly fetch manifest @rollup/rollup-win32-arm64-msvc@4.28.1
759 silly fetch manifest @rollup/rollup-freebsd-arm64@4.28.1
760 silly fetch manifest @rollup/rollup-linux-arm64-gnu@4.28.1
761 silly fetch manifest @rollup/rollup-linux-arm64-musl@4.28.1
762 silly fetch manifest @rollup/rollup-android-arm-eabi@4.28.1
763 silly fetch manifest @rollup/rollup-linux-arm-gnueabihf@4.28.1
764 silly fetch manifest @rollup/rollup-linux-arm-musleabihf@4.28.1
765 silly fetch manifest @rollup/rollup-win32-ia32-msvc@4.28.1
766 silly fetch manifest @rollup/rollup-linux-loongarch64-gnu@4.28.1
767 silly fetch manifest @rollup/rollup-linux-riscv64-gnu@4.28.1
768 silly fetch manifest @rollup/rollup-linux-powerpc64le-gnu@4.28.1
769 silly fetch manifest @rollup/rollup-linux-s390x-gnu@4.28.1
770 silly fetch manifest @rollup/rollup-darwin-x64@4.28.1
771 silly fetch manifest @rollup/rollup-win32-x64-msvc@4.28.1
772 silly fetch manifest @rollup/rollup-freebsd-x64@4.28.1
773 silly fetch manifest @rollup/rollup-linux-x64-gnu@4.28.1
774 silly fetch manifest @rollup/rollup-linux-x64-musl@4.28.1
775 http fetch GET 200 https://registry.npmjs.org/@esbuild%2ffreebsd-x64 1181ms (cache miss)
776 http fetch GET 200 https://registry.npmjs.org/@esbuild%2fsunos-x64 1533ms (cache miss)
777 http fetch GET 200 https://registry.npmjs.org/@esbuild%2fandroid-arm 1438ms (cache miss)
778 http fetch GET 200 https://registry.npmjs.org/@esbuild%2flinux-x64 1903ms (cache miss)
779 http fetch GET 200 https://registry.npmjs.org/@esbuild%2flinux-ia32 2407ms (cache miss)
780 http fetch GET 200 https://registry.npmjs.org/@types%2festree 2425ms (cache miss)
781 http fetch GET 200 https://registry.npmjs.org/@esbuild%2fnetbsd-x64 2594ms (cache miss)
782 http fetch GET 200 https://registry.npmjs.org/@esbuild%2fwin32-x64 2730ms (cache miss)
783 http fetch GET 200 https://registry.npmjs.org/@rollup%2frollup-win32-arm64-msvc 3040ms (cache miss)
784 http fetch GET 200 https://registry.npmjs.org/@esbuild%2fwin32-arm64 3077ms (cache miss)
785 http fetch GET 200 https://registry.npmjs.org/@esbuild%2flinux-riscv64 3167ms (cache miss)
786 http fetch GET 200 https://registry.npmjs.org/@rollup%2frollup-darwin-arm64 3172ms (cache miss)
787 http fetch GET 200 https://registry.npmjs.org/@esbuild%2fdarwin-arm64 3195ms (cache miss)
788 http fetch GET 200 https://registry.npmjs.org/@esbuild%2fopenbsd-x64 3224ms (cache miss)
789 http fetch GET 200 https://registry.npmjs.org/@esbuild%2fandroid-x64 3277ms (cache miss)
790 http fetch GET 200 https://registry.npmjs.org/@esbuild%2fandroid-arm64 3333ms (cache miss)
791 http fetch GET 200 https://registry.npmjs.org/@rollup%2frollup-android-arm64 3338ms (cache miss)
792 http fetch GET 200 https://registry.npmjs.org/@rollup%2frollup-linux-loongarch64-gnu 3321ms (cache miss)
793 http fetch GET 200 https://registry.npmjs.org/@esbuild%2flinux-mips64el 3555ms (cache miss)
794 http fetch GET 200 https://registry.npmjs.org/@esbuild%2fdarwin-x64 3754ms (cache miss)
795 http fetch GET 200 https://registry.npmjs.org/@rollup%2frollup-freebsd-x64 3678ms (cache miss)
796 http fetch GET 200 https://registry.npmjs.org/@rollup%2frollup-freebsd-arm64 3732ms (cache miss)
797 http fetch GET 200 https://registry.npmjs.org/@rollup%2frollup-linux-arm-gnueabihf 3751ms (cache miss)
798 http fetch GET 200 https://registry.npmjs.org/@rollup%2frollup-linux-arm-musleabihf 3774ms (cache miss)
799 http fetch GET 200 https://registry.npmjs.org/@esbuild%2faix-ppc64 4090ms (cache miss)
800 http fetch GET 200 https://registry.npmjs.org/@rollup%2frollup-linux-arm64-gnu 3825ms (cache miss)
801 http fetch GET 200 https://registry.npmjs.org/@rollup%2frollup-android-arm-eabi 3849ms (cache miss)
802 http fetch GET 200 https://registry.npmjs.org/@rollup%2frollup-win32-ia32-msvc 3846ms (cache miss)
803 http fetch GET 200 https://registry.npmjs.org/@esbuild%2flinux-s390x 3903ms (cache miss)
804 http fetch GET 200 https://registry.npmjs.org/@rollup%2frollup-linux-powerpc64le-gnu 3870ms (cache miss)
805 http fetch GET 200 https://registry.npmjs.org/@esbuild%2ffreebsd-arm64 3926ms (cache miss)
806 http fetch GET 200 https://registry.npmjs.org/@rollup%2frollup-linux-arm64-musl 3979ms (cache miss)
807 http fetch GET 200 https://registry.npmjs.org/@rollup%2frollup-linux-s390x-gnu 3975ms (cache miss)
808 http fetch GET 200 https://registry.npmjs.org/@rollup%2frollup-linux-riscv64-gnu 4020ms (cache miss)
809 http fetch GET 200 https://registry.npmjs.org/@rollup%2frollup-linux-x64-musl 4082ms (cache miss)
810 http fetch GET 200 https://registry.npmjs.org/@rollup%2frollup-darwin-x64 4112ms (cache miss)
811 http fetch GET 200 https://registry.npmjs.org/@rollup%2frollup-win32-x64-msvc 4133ms (cache miss)
812 http fetch GET 200 https://registry.npmjs.org/@rollup%2frollup-linux-x64-gnu 4137ms (cache miss)
813 http fetch GET 200 https://registry.npmjs.org/@esbuild%2flinux-arm 4597ms (cache miss)
814 http fetch GET 200 https://registry.npmjs.org/@esbuild%2flinux-ppc64 4568ms (cache miss)
815 http fetch GET 200 https://registry.npmjs.org/@esbuild%2flinux-loong64 4599ms (cache miss)
816 http fetch GET 200 https://registry.npmjs.org/@esbuild%2fwin32-ia32 4682ms (cache miss)
817 http fetch GET 200 https://registry.npmjs.org/@esbuild%2flinux-arm64 8339ms (cache miss)
818 timing idealTree:node_modules/vite Completed in 8616ms
819 silly placeDep ROOT @esbuild/aix-ppc64@0.21.5 OK for: esbuild@0.21.5 want: 0.21.5
820 silly placeDep ROOT @esbuild/android-arm@0.21.5 OK for: esbuild@0.21.5 want: 0.21.5
821 silly placeDep ROOT @esbuild/android-arm64@0.21.5 OK for: esbuild@0.21.5 want: 0.21.5
822 silly placeDep ROOT @esbuild/android-x64@0.21.5 OK for: esbuild@0.21.5 want: 0.21.5
823 silly placeDep ROOT @esbuild/darwin-arm64@0.21.5 OK for: esbuild@0.21.5 want: 0.21.5
824 silly placeDep ROOT @esbuild/darwin-x64@0.21.5 OK for: esbuild@0.21.5 want: 0.21.5
825 silly placeDep ROOT @esbuild/freebsd-arm64@0.21.5 OK for: esbuild@0.21.5 want: 0.21.5
826 silly placeDep ROOT @esbuild/freebsd-x64@0.21.5 OK for: esbuild@0.21.5 want: 0.21.5
827 silly placeDep ROOT @esbuild/linux-arm@0.21.5 OK for: esbuild@0.21.5 want: 0.21.5
828 silly placeDep ROOT @esbuild/linux-arm64@0.21.5 OK for: esbuild@0.21.5 want: 0.21.5
829 silly placeDep ROOT @esbuild/linux-ia32@0.21.5 OK for: esbuild@0.21.5 want: 0.21.5
830 silly placeDep ROOT @esbuild/linux-loong64@0.21.5 OK for: esbuild@0.21.5 want: 0.21.5
831 silly placeDep ROOT @esbuild/linux-mips64el@0.21.5 OK for: esbuild@0.21.5 want: 0.21.5
832 silly placeDep ROOT @esbuild/linux-ppc64@0.21.5 OK for: esbuild@0.21.5 want: 0.21.5
833 silly placeDep ROOT @esbuild/linux-riscv64@0.21.5 OK for: esbuild@0.21.5 want: 0.21.5
834 silly placeDep ROOT @esbuild/linux-s390x@0.21.5 OK for: esbuild@0.21.5 want: 0.21.5
835 silly placeDep ROOT @esbuild/linux-x64@0.21.5 OK for: esbuild@0.21.5 want: 0.21.5
836 silly placeDep ROOT @esbuild/netbsd-x64@0.21.5 OK for: esbuild@0.21.5 want: 0.21.5
837 silly placeDep ROOT @esbuild/openbsd-x64@0.21.5 OK for: esbuild@0.21.5 want: 0.21.5
838 silly placeDep ROOT @esbuild/sunos-x64@0.21.5 OK for: esbuild@0.21.5 want: 0.21.5
839 silly placeDep ROOT @esbuild/win32-arm64@0.21.5 OK for: esbuild@0.21.5 want: 0.21.5
840 silly placeDep ROOT @esbuild/win32-ia32@0.21.5 OK for: esbuild@0.21.5 want: 0.21.5
841 silly placeDep ROOT @esbuild/win32-x64@0.21.5 OK for: esbuild@0.21.5 want: 0.21.5
842 timing idealTree:node_modules/esbuild Completed in 214ms
843 timing idealTree:node_modules/@esbuild/aix-ppc64 Completed in 1ms
844 timing idealTree:node_modules/@esbuild/android-arm Completed in 0ms
845 timing idealTree:node_modules/@esbuild/android-arm64 Completed in 0ms
846 timing idealTree:node_modules/@esbuild/android-x64 Completed in 0ms
847 timing idealTree:node_modules/@esbuild/darwin-arm64 Completed in 0ms
848 timing idealTree:node_modules/@esbuild/darwin-x64 Completed in 0ms
849 timing idealTree:node_modules/@esbuild/freebsd-arm64 Completed in 0ms
850 timing idealTree:node_modules/@esbuild/freebsd-x64 Completed in 0ms
851 timing idealTree:node_modules/@esbuild/linux-arm Completed in 0ms
852 timing idealTree:node_modules/@esbuild/linux-arm64 Completed in 0ms
853 timing idealTree:node_modules/@esbuild/linux-ia32 Completed in 0ms
854 timing idealTree:node_modules/@esbuild/linux-loong64 Completed in 0ms
855 timing idealTree:node_modules/@esbuild/linux-mips64el Completed in 0ms
856 timing idealTree:node_modules/@esbuild/linux-ppc64 Completed in 0ms
857 timing idealTree:node_modules/@esbuild/linux-riscv64 Completed in 0ms
858 timing idealTree:node_modules/@esbuild/linux-s390x Completed in 0ms
859 timing idealTree:node_modules/@esbuild/linux-x64 Completed in 0ms
860 timing idealTree:node_modules/@esbuild/netbsd-x64 Completed in 0ms
861 timing idealTree:node_modules/@esbuild/openbsd-x64 Completed in 0ms
862 timing idealTree:node_modules/@esbuild/sunos-x64 Completed in 0ms
863 timing idealTree:node_modules/@esbuild/win32-arm64 Completed in 0ms
864 timing idealTree:node_modules/@esbuild/win32-ia32 Completed in 0ms
865 timing idealTree:node_modules/@esbuild/win32-x64 Completed in 0ms
866 silly placeDep ROOT @rollup/rollup-android-arm-eabi@4.28.1 OK for: rollup@4.28.1 want: 4.28.1
867 silly placeDep ROOT @rollup/rollup-android-arm64@4.28.1 OK for: rollup@4.28.1 want: 4.28.1
868 silly placeDep ROOT @rollup/rollup-darwin-arm64@4.28.1 OK for: rollup@4.28.1 want: 4.28.1
869 silly placeDep ROOT @rollup/rollup-darwin-x64@4.28.1 OK for: rollup@4.28.1 want: 4.28.1
870 silly placeDep ROOT @rollup/rollup-freebsd-arm64@4.28.1 OK for: rollup@4.28.1 want: 4.28.1
871 silly placeDep ROOT @rollup/rollup-freebsd-x64@4.28.1 OK for: rollup@4.28.1 want: 4.28.1
872 silly placeDep ROOT @rollup/rollup-linux-arm-gnueabihf@4.28.1 OK for: rollup@4.28.1 want: 4.28.1
873 silly placeDep ROOT @rollup/rollup-linux-arm-musleabihf@4.28.1 OK for: rollup@4.28.1 want: 4.28.1
874 silly placeDep ROOT @rollup/rollup-linux-arm64-gnu@4.28.1 OK for: rollup@4.28.1 want: 4.28.1
875 silly placeDep ROOT @rollup/rollup-linux-arm64-musl@4.28.1 OK for: rollup@4.28.1 want: 4.28.1
876 silly placeDep ROOT @rollup/rollup-linux-loongarch64-gnu@4.28.1 OK for: rollup@4.28.1 want: 4.28.1
877 silly placeDep ROOT @rollup/rollup-linux-powerpc64le-gnu@4.28.1 OK for: rollup@4.28.1 want: 4.28.1
878 silly placeDep ROOT @rollup/rollup-linux-riscv64-gnu@4.28.1 OK for: rollup@4.28.1 want: 4.28.1
879 silly placeDep ROOT @rollup/rollup-linux-s390x-gnu@4.28.1 OK for: rollup@4.28.1 want: 4.28.1
880 silly placeDep ROOT @rollup/rollup-linux-x64-gnu@4.28.1 OK for: rollup@4.28.1 want: 4.28.1
881 silly placeDep ROOT @rollup/rollup-linux-x64-musl@4.28.1 OK for: rollup@4.28.1 want: 4.28.1
882 silly placeDep ROOT @rollup/rollup-win32-arm64-msvc@4.28.1 OK for: rollup@4.28.1 want: 4.28.1
883 silly placeDep ROOT @rollup/rollup-win32-ia32-msvc@4.28.1 OK for: rollup@4.28.1 want: 4.28.1
884 silly placeDep ROOT @rollup/rollup-win32-x64-msvc@4.28.1 OK for: rollup@4.28.1 want: 4.28.1
885 silly placeDep ROOT @types/estree@1.0.6 OK for: rollup@4.28.1 want: 1.0.6
886 timing idealTree:node_modules/rollup Completed in 76ms
887 timing idealTree:node_modules/@rollup/rollup-android-arm-eabi Completed in 0ms
888 timing idealTree:node_modules/@rollup/rollup-android-arm64 Completed in 0ms
889 timing idealTree:node_modules/@rollup/rollup-darwin-arm64 Completed in 0ms
890 timing idealTree:node_modules/@rollup/rollup-darwin-x64 Completed in 0ms
891 timing idealTree:node_modules/@rollup/rollup-freebsd-arm64 Completed in 0ms
892 timing idealTree:node_modules/@rollup/rollup-freebsd-x64 Completed in 0ms
893 timing idealTree:node_modules/@rollup/rollup-linux-arm-gnueabihf Completed in 0ms
894 timing idealTree:node_modules/@rollup/rollup-linux-arm-musleabihf Completed in 0ms
895 timing idealTree:node_modules/@rollup/rollup-linux-arm64-gnu Completed in 0ms
896 timing idealTree:node_modules/@rollup/rollup-linux-arm64-musl Completed in 0ms
897 timing idealTree:node_modules/@rollup/rollup-linux-loongarch64-gnu Completed in 0ms
898 timing idealTree:node_modules/@rollup/rollup-linux-powerpc64le-gnu Completed in 0ms
899 timing idealTree:node_modules/@rollup/rollup-linux-riscv64-gnu Completed in 0ms
900 timing idealTree:node_modules/@rollup/rollup-linux-s390x-gnu Completed in 0ms
901 timing idealTree:node_modules/@rollup/rollup-linux-x64-gnu Completed in 0ms
902 timing idealTree:node_modules/@rollup/rollup-linux-x64-musl Completed in 0ms
903 timing idealTree:node_modules/@rollup/rollup-win32-arm64-msvc Completed in 0ms
904 timing idealTree:node_modules/@rollup/rollup-win32-ia32-msvc Completed in 0ms
905 timing idealTree:node_modules/@rollup/rollup-win32-x64-msvc Completed in 0ms
906 timing idealTree:node_modules/@types/estree Completed in 0ms
907 timing idealTree:node_modules/vite-plugin-full-reload Completed in 0ms
908 silly fetch manifest vue@3.5.13
909 silly placeDep ROOT @vue/compiler-dom@3.5.13 OK for: vue@3.5.13 want: 3.5.13
910 silly placeDep ROOT @vue/compiler-sfc@3.5.13 OK for: vue@3.5.13 want: 3.5.13
911 silly placeDep node_modules/vue @vue/runtime-dom@ OK for: vue@3.5.13 want: 3.5.13
912 silly placeDep ROOT @vue/server-renderer@3.5.13 OK for: vue@3.5.13 want: 3.5.13
913 silly placeDep ROOT @vue/shared@3.5.13 OK for: vue@3.5.13 want: 3.5.13
914 silly fetch manifest @vue/compiler-core@3.5.13
915 silly fetch manifest @babel/parser@^7.25.3
916 silly fetch manifest estree-walker@^2.0.2
917 silly fetch manifest magic-string@^0.30.11
918 silly fetch manifest @vue/compiler-ssr@3.5.13
919 http fetch GET 200 https://registry.npmjs.org/estree-walker 854ms (cache miss)
920 http fetch GET 200 https://registry.npmjs.org/magic-string 1782ms (cache miss)
921 http fetch GET 200 https://registry.npmjs.org/@vue%2fcompiler-core 2230ms (cache miss)
922 http fetch GET 200 https://registry.npmjs.org/@vue%2fcompiler-ssr 4128ms (cache miss)
923 http fetch GET 200 https://registry.npmjs.org/@babel%2fparser 7038ms (cache miss)
924 timing idealTree:node_modules/vue Completed in 7123ms
925 silly placeDep ROOT @vue/compiler-core@3.5.13 OK for: @vue/compiler-dom@3.5.13 want: 3.5.13
926 silly fetch manifest entities@^4.5.0
927 http fetch GET 200 https://registry.npmjs.org/entities 742ms (cache miss)
928 timing idealTree:node_modules/@vue/compiler-dom Completed in 812ms
929 silly placeDep ROOT @babel/parser@7.26.3 OK for: @vue/compiler-core@3.5.13 want: ^7.25.3
930 silly placeDep ROOT entities@4.5.0 OK for: @vue/compiler-core@3.5.13 want: ^4.5.0
931 silly placeDep ROOT estree-walker@2.0.2 OK for: @vue/compiler-core@3.5.13 want: ^2.0.2
932 silly fetch manifest @babel/types@^7.26.3
933 http fetch GET 200 https://registry.npmjs.org/@babel%2ftypes 1117ms (cache miss)
934 timing idealTree:node_modules/@vue/compiler-core Completed in 1154ms
935 silly placeDep ROOT @babel/types@7.26.3 OK for: @babel/parser@7.26.3 want: ^7.26.3
936 silly fetch manifest @babel/helper-string-parser@^7.25.9
937 silly fetch manifest @babel/helper-validator-identifier@^7.25.9
938 http fetch GET 200 https://registry.npmjs.org/@babel%2fhelper-string-parser 585ms (cache miss)
939 http fetch GET 200 https://registry.npmjs.org/@babel%2fhelper-validator-identifier 591ms (cache miss)
940 timing idealTree:node_modules/@babel/parser Completed in 602ms
941 silly placeDep ROOT @babel/helper-string-parser@7.25.9 OK for: @babel/types@7.26.3 want: ^7.25.9
942 silly placeDep ROOT @babel/helper-validator-identifier@7.25.9 OK for: @babel/types@7.26.3 want: ^7.25.9
943 timing idealTree:node_modules/@babel/types Completed in 19ms
944 timing idealTree:node_modules/@babel/helper-string-parser Completed in 0ms
945 timing idealTree:node_modules/@babel/helper-validator-identifier Completed in 0ms
946 silly placeDep ROOT @vue/compiler-ssr@3.5.13 OK for: @vue/compiler-sfc@3.5.13 want: 3.5.13
947 silly placeDep ROOT magic-string@0.30.14 OK for: @vue/compiler-sfc@3.5.13 want: ^0.30.11
948 timing idealTree:node_modules/@vue/compiler-sfc Completed in 7ms
949 timing idealTree:node_modules/@vue/compiler-ssr Completed in 0ms
950 timing idealTree:node_modules/@vue/server-renderer Completed in 0ms
951 timing idealTree:node_modules/@vue/shared Completed in 0ms
952 timing idealTree:node_modules/entities Completed in 0ms
953 timing idealTree:node_modules/estree-walker Completed in 0ms
954 timing idealTree:node_modules/magic-string Completed in 1ms
955 silly placeDep ROOT isexe@2.0.0 OK for: which@2.0.2 want: ^2.0.0
956 timing idealTree:node_modules/which Completed in 9ms
957 timing idealTree:node_modules/isexe Completed in 0ms
958 silly placeDep node_modules/wrap-ansi ansi-styles@6.2.1 OK for: wrap-ansi@8.1.0 want: ^6.1.0
959 timing idealTree:node_modules/wrap-ansi Completed in 4ms
960 silly placeDep node_modules/wrap-ansi-cjs string-width@4.2.3 OK for: wrap-ansi@7.0.0 want: ^4.1.0
961 silly placeDep node_modules/wrap-ansi-cjs strip-ansi@6.0.1 OK for: wrap-ansi@7.0.0 want: ^6.0.0
962 timing idealTree:node_modules/wrap-ansi-cjs Completed in 12ms
963 timing idealTree:node_modules/yaml Completed in 0ms
964 silly placeDep ROOT cliui@8.0.1 OK for: yargs@17.7.2 want: ^8.0.1
965 silly placeDep ROOT get-caller-file@2.0.5 OK for: yargs@17.7.2 want: ^2.0.5
966 silly placeDep ROOT require-directory@2.1.1 OK for: yargs@17.7.2 want: ^2.1.1
967 silly placeDep node_modules/yargs string-width@4.2.3 OK for: yargs@17.7.2 want: ^4.2.3
968 silly placeDep ROOT y18n@5.0.8 OK for: yargs@17.7.2 want: ^5.0.5
969 silly placeDep ROOT yargs-parser@21.1.1 OK for: yargs@17.7.2 want: ^21.1.1
970 silly fetch manifest wrap-ansi@^7.0.0
971 silly fetch manifest string-width@^4.2.0
972 timing idealTree:node_modules/yargs Completed in 20ms
973 silly placeDep node_modules/cliui string-width@4.2.3 OK for: cliui@8.0.1 want: ^4.2.0
974 silly placeDep node_modules/cliui strip-ansi@6.0.1 OK for: cliui@8.0.1 want: ^6.0.1
975 silly placeDep node_modules/cliui wrap-ansi@7.0.0 OK for: cliui@8.0.1 want: ^7.0.0
976 timing idealTree:node_modules/cliui Completed in 12ms
977 timing idealTree:node_modules/get-caller-file Completed in 0ms
978 timing idealTree:node_modules/require-directory Completed in 0ms
979 timing idealTree:node_modules/y18n Completed in 0ms
980 timing idealTree:node_modules/yargs-parser Completed in 0ms
981 timing idealTree:node_modules/chalk/node_modules/supports-color Completed in 1ms
982 timing idealTree:node_modules/chokidar/node_modules/glob-parent Completed in 0ms
983 silly placeDep node_modules/cliui emoji-regex@8.0.0 OK for: string-width@4.2.3 want: ^8.0.0
984 timing idealTree:node_modules/cliui/node_modules/string-width Completed in 3ms
985 timing idealTree:node_modules/cliui/node_modules/emoji-regex Completed in 0ms
986 silly placeDep node_modules/cliui ansi-regex@5.0.1 OK for: strip-ansi@6.0.1 want: ^5.0.1
987 timing idealTree:node_modules/cliui/node_modules/strip-ansi Completed in 3ms
988 timing idealTree:node_modules/cliui/node_modules/ansi-regex Completed in 0ms
989 timing idealTree:node_modules/cliui/node_modules/wrap-ansi Completed in 0ms
990 timing idealTree:node_modules/combined-stream/node_modules/delayed-stream Completed in 0ms
991 timing idealTree:node_modules/fast-glob/node_modules/glob-parent Completed in 0ms
992 timing idealTree:node_modules/glob/node_modules/minimatch Completed in 0ms
993 timing idealTree:node_modules/string-width-cjs/node_modules/emoji-regex Completed in 0ms
994 silly placeDep node_modules/string-width-cjs ansi-regex@5.0.1 OK for: strip-ansi@6.0.1 want: ^5.0.1
995 timing idealTree:node_modules/string-width-cjs/node_modules/strip-ansi Completed in 7ms
996 timing idealTree:node_modules/string-width-cjs/node_modules/ansi-regex Completed in 0ms
997 timing idealTree:node_modules/strip-ansi-cjs/node_modules/ansi-regex Completed in 0ms
998 timing idealTree:node_modules/vue/node_modules/@vue/runtime-dom Completed in 0ms
999 silly placeDep node_modules/wrap-ansi-cjs emoji-regex@8.0.0 OK for: string-width@4.2.3 want: ^8.0.0
1000 timing idealTree:node_modules/wrap-ansi-cjs/node_modules/string-width Completed in 4ms
1001 timing idealTree:node_modules/wrap-ansi-cjs/node_modules/emoji-regex Completed in 0ms
1002 silly placeDep node_modules/wrap-ansi-cjs ansi-regex@5.0.1 OK for: strip-ansi@6.0.1 want: ^5.0.1
1003 timing idealTree:node_modules/wrap-ansi-cjs/node_modules/strip-ansi Completed in 2ms
1004 timing idealTree:node_modules/wrap-ansi-cjs/node_modules/ansi-regex Completed in 0ms
1005 timing idealTree:node_modules/wrap-ansi/node_modules/ansi-styles Completed in 0ms
1006 silly placeDep node_modules/yargs emoji-regex@8.0.0 OK for: string-width@4.2.3 want: ^8.0.0
1007 silly placeDep node_modules/yargs strip-ansi@6.0.1 OK for: string-width@4.2.3 want: ^6.0.1
1008 timing idealTree:node_modules/yargs/node_modules/string-width Completed in 5ms
1009 timing idealTree:node_modules/yargs/node_modules/emoji-regex Completed in 0ms
1010 silly placeDep node_modules/yargs ansi-regex@5.0.1 OK for: strip-ansi@6.0.1 want: ^5.0.1
1011 timing idealTree:node_modules/yargs/node_modules/strip-ansi Completed in 6ms
1012 timing idealTree:node_modules/yargs/node_modules/ansi-regex Completed in 0ms
1013 timing idealTree:buildDeps Completed in 106164ms
1014 timing idealTree:fixDepFlags Completed in 3ms
1015 timing idealTree Completed in 106283ms
1016 timing command:install Completed in 106318ms
1017 verbose type system
1018 verbose stack FetchError: Invalid response body while trying to fetch https://registry.npmjs.org/delayed-stream: ENOENT: no such file or directory, rename '/var/www/.npm/_cacache/tmp/e8a5d5a1' -> '/var/www/.npm/_cacache/content-v2/sha512/ed/67/6d2c269201bb088d579a6fa54adff984e6b2564f339614e231502c18ae48143396ab819bd4853aeeea4cd6bacea8b7884bfa5412f23343dd3479ad514830'
1018 verbose stack     at /usr/share/nodejs/minipass-fetch/lib/body.js:170:15
1018 verbose stack     at async Response.json (/usr/share/nodejs/minipass-fetch/lib/body.js:75:17)
1018 verbose stack     at async RegistryFetcher.packument (/usr/share/nodejs/pacote/lib/registry.js:92:25)
1018 verbose stack     at async RegistryFetcher.manifest (/usr/share/nodejs/pacote/lib/registry.js:116:23)
1018 verbose stack     at async Promise.all (index 0)
1018 verbose stack     at async [buildDepStep] (/usr/share/nodejs/@npmcli/arborist/lib/arborist/build-ideal-tree.js:1043:5)
1018 verbose stack     at async Arborist.buildIdealTree (/usr/share/nodejs/@npmcli/arborist/lib/arborist/build-ideal-tree.js:206:7)
1018 verbose stack     at async Promise.all (index 1)
1018 verbose stack     at async Arborist.reify (/usr/share/nodejs/@npmcli/arborist/lib/arborist/reify.js:156:5)
1018 verbose stack     at async Install.exec (/usr/share/nodejs/npm/lib/commands/install.js:146:5)
1019 verbose cwd /var/www
1020 verbose Linux 6.10.14-linuxkit
1021 verbose node v18.19.0
1022 verbose npm  v9.2.0
1023 error code ENOENT
1024 error syscall rename
1025 error path /var/www/.npm/_cacache/tmp/e8a5d5a1
1026 error dest /var/www/.npm/_cacache/content-v2/sha512/ed/67/6d2c269201bb088d579a6fa54adff984e6b2564f339614e231502c18ae48143396ab819bd4853aeeea4cd6bacea8b7884bfa5412f23343dd3479ad514830
1027 error errno ENOENT
1028 error enoent Invalid response body while trying to fetch https://registry.npmjs.org/delayed-stream: ENOENT: no such file or directory, rename '/var/www/.npm/_cacache/tmp/e8a5d5a1' -> '/var/www/.npm/_cacache/content-v2/sha512/ed/67/6d2c269201bb088d579a6fa54adff984e6b2564f339614e231502c18ae48143396ab819bd4853aeeea4cd6bacea8b7884bfa5412f23343dd3479ad514830'
1029 error enoent This is related to npm not being able to find a file.
1029 error enoent
1030 verbose exit 1
1031 timing npm Completed in 106617ms
1032 verbose unfinished npm timer reify 1733599270289
1033 verbose unfinished npm timer reify:loadTrees 1733599270310
1034 verbose code 1
1035 error A complete log of this run can be found in:
1035 error     /var/www/.npm/_logs/2024-12-07T19_21_10_035Z-debug-0.log
